<?xml version="1.0" encoding="UTF-8"?>
<robot generator="Rebot 6.1.1 (Python 3.11.5 on win32)" generated="20230914 10:25:44.355" rpa="false" schemaversion="4">
<suite id="s1" name="Suites">
<suite id="s1-s1" name="LoginTest" source="C:\Users\aymen\PycharmProjects\pythonProject1\TestCasesPom\LoginTest.robot">
<test id="s1-s1-t1" name="Login Test" line="10">
<kw name="Open my Browser" library="LoginKeywords">
<arg>${SiteUrl}</arg>
<arg>${Browser}</arg>
<kw name="Open Browser" library="SeleniumLibrary">
<arg>${SiteUrl}</arg>
<arg>${Browser}</arg>
<doc>Opens a new browser instance to the optional ``url``.</doc>
<msg timestamp="20230914 10:25:00.141" level="INFO">Opening browser 'chrome' to base url 'https://admin-demo.nopcommerce.com/login?ReturnUrl=%2Fadmin%2F'.</msg>
<msg timestamp="20230914 10:25:03.311" level="WARN">The chromedriver version (116.0.5845.96) detected in PATH at C:\Users\aymen\AppData\Local\Programs\Python\Python311\Scripts\chromedriver.exe might not be compatible with the detected chrome version (117.0.5938.62); currently, chromedriver 117.0.5938.62 is recommended for chrome 117.*, so it is advised to delete the driver in PATH and retry</msg>
<status status="PASS" starttime="20230914 10:25:00.139" endtime="20230914 10:25:10.781"/>
</kw>
<kw name="Maximize Browser Window" library="SeleniumLibrary">
<doc>Maximizes current browser window.</doc>
<status status="PASS" starttime="20230914 10:25:10.782" endtime="20230914 10:25:11.156"/>
</kw>
<status status="PASS" starttime="20230914 10:25:00.136" endtime="20230914 10:25:11.156"/>
</kw>
<kw name="Enter UserName" library="LoginKeywords">
<arg>${user}</arg>
<kw name="Input Text" library="SeleniumLibrary">
<arg>${txt_LoginUserName}</arg>
<arg>${username}</arg>
<doc>Types the given ``text`` into the text field identified by ``locator``.</doc>
<msg timestamp="20230914 10:25:11.161" level="INFO">Typing text 'admin@yourstore.com' into text field 'name:Email'.</msg>
<status status="PASS" starttime="20230914 10:25:11.159" endtime="20230914 10:25:11.662"/>
</kw>
<status status="PASS" starttime="20230914 10:25:11.157" endtime="20230914 10:25:11.663"/>
</kw>
<kw name="Enter Password" library="LoginKeywords">
<arg>${pwd}</arg>
<kw name="Input Text" library="SeleniumLibrary">
<arg>${txt_LoginPassword}</arg>
<arg>${password}</arg>
<doc>Types the given ``text`` into the text field identified by ``locator``.</doc>
<msg timestamp="20230914 10:25:11.668" level="INFO">Typing text 'admin' into text field 'name:Password'.</msg>
<status status="PASS" starttime="20230914 10:25:11.665" endtime="20230914 10:25:12.201"/>
</kw>
<status status="PASS" starttime="20230914 10:25:11.664" endtime="20230914 10:25:12.201"/>
</kw>
<kw name="Click SignIn" library="LoginKeywords">
<kw name="Click Button" library="SeleniumLibrary">
<arg>${btn_SIGNIN}</arg>
<doc>Clicks the button identified by ``locator``.</doc>
<msg timestamp="20230914 10:25:12.206" level="INFO">Clicking button 'xpath://button[@class='button-1 login-button']'.</msg>
<status status="PASS" starttime="20230914 10:25:12.203" endtime="20230914 10:25:29.255"/>
</kw>
<status status="PASS" starttime="20230914 10:25:12.202" endtime="20230914 10:25:29.256"/>
</kw>
<kw name="Sleep" library="BuiltIn">
<arg>3</arg>
<doc>Pauses the test executed for the given time.</doc>
<msg timestamp="20230914 10:25:32.258" level="INFO">Slept 3 seconds</msg>
<status status="PASS" starttime="20230914 10:25:29.256" endtime="20230914 10:25:32.258"/>
</kw>
<kw name="Verify Sucessful Login" library="LoginKeywords">
<kw name="Page Should Contain" library="SeleniumLibrary">
<arg>Dashboard</arg>
<doc>Verifies that current page contains ``text``.</doc>
<msg timestamp="20230914 10:25:32.365" level="INFO">Current page contains text 'Dashboard'.</msg>
<status status="PASS" starttime="20230914 10:25:32.260" endtime="20230914 10:25:32.365"/>
</kw>
<status status="PASS" starttime="20230914 10:25:32.259" endtime="20230914 10:25:32.367"/>
</kw>
<kw name="Close my Browsers" library="LoginKeywords">
<kw name="Close Browser" library="SeleniumLibrary">
<doc>Closes the current browser.</doc>
<status status="PASS" starttime="20230914 10:25:32.369" endtime="20230914 10:25:36.885"/>
</kw>
<status status="PASS" starttime="20230914 10:25:32.368" endtime="20230914 10:25:36.886"/>
</kw>
<status status="PASS" starttime="20230914 10:25:00.134" endtime="20230914 10:25:36.887"/>
</test>
<status status="PASS" starttime="20230914 10:24:59.126" endtime="20230914 10:25:36.889"/>
</suite>
<suite id="s1-s2" name="RegistrationTest" source="C:\Users\aymen\PycharmProjects\pythonProject1\TestCasesPom\RegistrationTest.robot">
<test id="s1-s2-t1" name="Registration Test" line="12">
<kw name="Open my Browser" library="RegistrationKeywords">
<arg>${SiteUrl}</arg>
<arg>${Browser}</arg>
<kw name="Open Browser" library="SeleniumLibrary">
<arg>${SiteUrl}</arg>
<arg>${Browser}</arg>
<doc>Opens a new browser instance to the optional ``url``.</doc>
<msg timestamp="20230914 10:25:00.171" level="INFO">Opening browser 'chrome' to base url 'https://demo.guru99.com/test/newtours/register.php'.</msg>
<msg timestamp="20230914 10:25:03.465" level="WARN">The chromedriver version (116.0.5845.96) detected in PATH at C:\Users\aymen\AppData\Local\Programs\Python\Python311\Scripts\chromedriver.exe might not be compatible with the detected chrome version (117.0.5938.62); currently, chromedriver 117.0.5938.62 is recommended for chrome 117.*, so it is advised to delete the driver in PATH and retry</msg>
<status status="PASS" starttime="20230914 10:25:00.164" endtime="20230914 10:25:11.681"/>
</kw>
<kw name="Maximize Browser Window" library="SeleniumLibrary">
<doc>Maximizes current browser window.</doc>
<status status="PASS" starttime="20230914 10:25:11.682" endtime="20230914 10:25:11.887"/>
</kw>
<status status="PASS" starttime="20230914 10:25:00.161" endtime="20230914 10:25:11.888"/>
</kw>
<kw name="Click Register Link" library="RegistrationKeywords">
<kw name="Click Link" library="SeleniumLibrary">
<arg>${link_register}</arg>
<doc>Clicks a link identified by ``locator``.</doc>
<msg timestamp="20230914 10:25:11.893" level="INFO">Clicking link 'link:REGISTER'.</msg>
<status status="PASS" starttime="20230914 10:25:11.890" endtime="20230914 10:25:30.825"/>
</kw>
<status status="PASS" starttime="20230914 10:25:11.888" endtime="20230914 10:25:30.826"/>
</kw>
<kw name="Enter FirstName" library="RegistrationKeywords">
<arg>aymen</arg>
<kw name="Input Text" library="SeleniumLibrary">
<arg>${txt_firstName}</arg>
<arg>${firstName}</arg>
<doc>Types the given ``text`` into the text field identified by ``locator``.</doc>
<msg timestamp="20230914 10:25:30.831" level="INFO">Typing text 'aymen' into text field 'name:firstName'.</msg>
<status status="PASS" starttime="20230914 10:25:30.828" endtime="20230914 10:25:31.380"/>
</kw>
<status status="PASS" starttime="20230914 10:25:30.827" endtime="20230914 10:25:31.381"/>
</kw>
<kw name="Enter LasstName" library="RegistrationKeywords">
<arg>barka</arg>
<kw name="Input Text" library="SeleniumLibrary">
<arg>${txt_lastName}</arg>
<arg>${lastName}</arg>
<doc>Types the given ``text`` into the text field identified by ``locator``.</doc>
<msg timestamp="20230914 10:25:31.386" level="INFO">Typing text 'barka' into text field 'name:lastName'.</msg>
<status status="PASS" starttime="20230914 10:25:31.383" endtime="20230914 10:25:32.649"/>
</kw>
<status status="PASS" starttime="20230914 10:25:31.382" endtime="20230914 10:25:32.649"/>
</kw>
<kw name="Enter Phone" library="RegistrationKeywords">
<arg>123456778</arg>
<kw name="Input Text" library="SeleniumLibrary">
<arg>${txt_phone}</arg>
<arg>${phone}</arg>
<doc>Types the given ``text`` into the text field identified by ``locator``.</doc>
<msg timestamp="20230914 10:25:32.654" level="INFO">Typing text '123456778' into text field 'name:phone'.</msg>
<status status="PASS" starttime="20230914 10:25:32.652" endtime="20230914 10:25:33.042"/>
</kw>
<status status="PASS" starttime="20230914 10:25:32.650" endtime="20230914 10:25:33.043"/>
</kw>
<kw name="Enter Email" library="RegistrationKeywords">
<arg>Test@yahoo.fr</arg>
<kw name="Input Text" library="SeleniumLibrary">
<arg>${txt_email}</arg>
<arg>${email}</arg>
<doc>Types the given ``text`` into the text field identified by ``locator``.</doc>
<msg timestamp="20230914 10:25:33.049" level="INFO">Typing text 'Test@yahoo.fr' into text field 'name:userName'.</msg>
<status status="PASS" starttime="20230914 10:25:33.045" endtime="20230914 10:25:33.392"/>
</kw>
<status status="PASS" starttime="20230914 10:25:33.044" endtime="20230914 10:25:33.392"/>
</kw>
<kw name="Enter Adress" library="RegistrationKeywords">
<arg>rue 2345 les fleurs</arg>
<kw name="Input Text" library="SeleniumLibrary">
<arg>${txt_adress}</arg>
<arg>${address}</arg>
<doc>Types the given ``text`` into the text field identified by ``locator``.</doc>
<msg timestamp="20230914 10:25:33.397" level="INFO">Typing text 'rue 2345 les fleurs' into text field 'name:address1'.</msg>
<status status="PASS" starttime="20230914 10:25:33.394" endtime="20230914 10:25:33.747"/>
</kw>
<status status="PASS" starttime="20230914 10:25:33.393" endtime="20230914 10:25:33.747"/>
</kw>
<kw name="Enter City" library="RegistrationKeywords">
<arg>manouba</arg>
<kw name="Input Text" library="SeleniumLibrary">
<arg>${txt_city}</arg>
<arg>${city}</arg>
<doc>Types the given ``text`` into the text field identified by ``locator``.</doc>
<msg timestamp="20230914 10:25:33.753" level="INFO">Typing text 'manouba' into text field 'name:city'.</msg>
<status status="PASS" starttime="20230914 10:25:33.750" endtime="20230914 10:25:34.122"/>
</kw>
<status status="PASS" starttime="20230914 10:25:33.749" endtime="20230914 10:25:34.122"/>
</kw>
<kw name="Enter State" library="RegistrationKeywords">
<arg>manouba</arg>
<kw name="Input Text" library="SeleniumLibrary">
<arg>${txt_state}</arg>
<arg>${state}</arg>
<doc>Types the given ``text`` into the text field identified by ``locator``.</doc>
<msg timestamp="20230914 10:25:34.127" level="INFO">Typing text 'manouba' into text field 'name:state'.</msg>
<status status="PASS" starttime="20230914 10:25:34.124" endtime="20230914 10:25:34.436"/>
</kw>
<status status="PASS" starttime="20230914 10:25:34.123" endtime="20230914 10:25:34.437"/>
</kw>
<kw name="Enter Postal Code" library="RegistrationKeywords">
<arg>2011</arg>
<kw name="Input Text" library="SeleniumLibrary">
<arg>${txt_postalCode}</arg>
<arg>${postalCode}</arg>
<doc>Types the given ``text`` into the text field identified by ``locator``.</doc>
<msg timestamp="20230914 10:25:34.441" level="INFO">Typing text '2011' into text field 'name:postalCode'.</msg>
<status status="PASS" starttime="20230914 10:25:34.439" endtime="20230914 10:25:34.738"/>
</kw>
<status status="PASS" starttime="20230914 10:25:34.437" endtime="20230914 10:25:34.739"/>
</kw>
<kw name="Select Country" library="RegistrationKeywords">
<arg>TUNISIA</arg>
<kw name="Select From List By Label" library="SeleniumLibrary">
<arg>${drp_country}</arg>
<arg>${country}</arg>
<doc>Selects options from selection list ``locator`` by ``labels``.</doc>
<msg timestamp="20230914 10:25:34.743" level="INFO">Selecting options from selection list 'name:country' by label TUNISIA.</msg>
<status status="PASS" starttime="20230914 10:25:34.741" endtime="20230914 10:25:35.011"/>
</kw>
<status status="PASS" starttime="20230914 10:25:34.739" endtime="20230914 10:25:35.011"/>
</kw>
<kw name="Enter UserName" library="RegistrationKeywords">
<arg>ghost</arg>
<kw name="Input Text" library="SeleniumLibrary">
<arg>${txt_userName}</arg>
<arg>${username}</arg>
<doc>Types the given ``text`` into the text field identified by ``locator``.</doc>
<msg timestamp="20230914 10:25:35.016" level="INFO">Typing text 'ghost' into text field 'name:email'.</msg>
<status status="PASS" starttime="20230914 10:25:35.013" endtime="20230914 10:25:35.347"/>
</kw>
<status status="PASS" starttime="20230914 10:25:35.012" endtime="20230914 10:25:35.348"/>
</kw>
<kw name="Enter Password" library="RegistrationKeywords">
<arg>Test@123</arg>
<kw name="Input Text" library="SeleniumLibrary">
<arg>${txt_password}</arg>
<arg>${password}</arg>
<doc>Types the given ``text`` into the text field identified by ``locator``.</doc>
<msg timestamp="20230914 10:25:35.352" level="INFO">Typing text 'Test@123' into text field 'name:password'.</msg>
<status status="PASS" starttime="20230914 10:25:35.350" endtime="20230914 10:25:35.641"/>
</kw>
<status status="PASS" starttime="20230914 10:25:35.348" endtime="20230914 10:25:35.641"/>
</kw>
<kw name="Enter Confirmed Password" library="RegistrationKeywords">
<arg>Test@123</arg>
<kw name="Input Text" library="SeleniumLibrary">
<arg>${txt_confirmedPassword}</arg>
<arg>${confirmedPassword}</arg>
<doc>Types the given ``text`` into the text field identified by ``locator``.</doc>
<msg timestamp="20230914 10:25:35.646" level="INFO">Typing text 'Test@123' into text field 'name:confirmPassword'.</msg>
<status status="PASS" starttime="20230914 10:25:35.643" endtime="20230914 10:25:35.905"/>
</kw>
<status status="PASS" starttime="20230914 10:25:35.642" endtime="20230914 10:25:35.906"/>
</kw>
<kw name="Click Submit" library="RegistrationKeywords">
<kw name="Click Button" library="SeleniumLibrary">
<arg>${btn_submit}</arg>
<doc>Clicks the button identified by ``locator``.</doc>
<msg timestamp="20230914 10:25:35.909" level="INFO">Clicking button 'xpath://input[@name='submit']'.</msg>
<status status="PASS" starttime="20230914 10:25:35.907" endtime="20230914 10:25:37.166"/>
</kw>
<status status="PASS" starttime="20230914 10:25:35.906" endtime="20230914 10:25:37.167"/>
</kw>
<kw name="Verify successful Registration" library="RegistrationKeywords">
<kw name="Page Should Contain" library="SeleniumLibrary">
<arg>Thank you for registering</arg>
<doc>Verifies that current page contains ``text``.</doc>
<msg timestamp="20230914 10:25:37.206" level="INFO">Current page contains text 'Thank you for registering'.</msg>
<status status="PASS" starttime="20230914 10:25:37.169" endtime="20230914 10:25:37.206"/>
</kw>
<status status="PASS" starttime="20230914 10:25:37.168" endtime="20230914 10:25:37.206"/>
</kw>
<kw name="Close my Browsers" library="RegistrationKeywords">
<kw name="Close All Browsers" library="SeleniumLibrary">
<doc>Closes all open browsers and resets the browser cache.</doc>
<status status="PASS" starttime="20230914 10:25:37.208" endtime="20230914 10:25:43.939"/>
</kw>
<status status="PASS" starttime="20230914 10:25:37.207" endtime="20230914 10:25:43.940"/>
</kw>
<status status="PASS" starttime="20230914 10:25:00.158" endtime="20230914 10:25:43.940"/>
</test>
<status status="PASS" starttime="20230914 10:24:59.167" endtime="20230914 10:25:43.942"/>
</suite>
<doc>[https://pabot.org/?ref=log|Pabot] result from 2 executions.</doc>
<status status="PASS" starttime="20230914 10:24:59.065" endtime="20230914 10:25:43.945"/>
</suite>
<statistics>
<total>
<stat pass="2" fail="0" skip="0">All Tests</stat>
</total>
<tag>
</tag>
<suite>
<stat pass="2" fail="0" skip="0" id="s1" name="Suites">Suites</stat>
<stat pass="1" fail="0" skip="0" id="s1-s1" name="LoginTest">Suites.LoginTest</stat>
<stat pass="1" fail="0" skip="0" id="s1-s2" name="RegistrationTest">Suites.RegistrationTest</stat>
</suite>
</statistics>
<errors>
<msg timestamp="20230914 10:25:03.311" level="WARN">The chromedriver version (116.0.5845.96) detected in PATH at C:\Users\aymen\AppData\Local\Programs\Python\Python311\Scripts\chromedriver.exe might not be compatible with the detected chrome version (117.0.5938.62); currently, chromedriver 117.0.5938.62 is recommended for chrome 117.*, so it is advised to delete the driver in PATH and retry</msg>
<msg timestamp="20230914 10:25:00.150" level="ERROR">Error in file 'C:\Users\aymen\PycharmProjects\pythonProject1\Resources\RegistrationKeywords.robot' on line 5: Processing variable file '../PageObjects/Locators.ppy' failed: Importing variable file '../PageObjects/Locators.ppy' failed: ModuleNotFoundError: No module named '.'
Traceback (most recent call last):
  None
PYTHONPATH:
  C:\Users\aymen\PycharmProjects\pythonProject1\venv\Scripts\robot.exe
  C:\Users\aymen\AppData\Local\Programs\Python\Python311\python311.zip
  C:\Users\aymen\AppData\Local\Programs\Python\Python311\DLLs
  C:\Users\aymen\AppData\Local\Programs\Python\Python311\Lib
  C:\Users\aymen\AppData\Local\Programs\Python\Python311
  C:\Users\aymen\PycharmProjects\pythonProject1\venv
  C:\Users\aymen\PycharmProjects\pythonProject1\venv\Lib\site-packages</msg>
<msg timestamp="20230914 10:25:03.465" level="WARN">The chromedriver version (116.0.5845.96) detected in PATH at C:\Users\aymen\AppData\Local\Programs\Python\Python311\Scripts\chromedriver.exe might not be compatible with the detected chrome version (117.0.5938.62); currently, chromedriver 117.0.5938.62 is recommended for chrome 117.*, so it is advised to delete the driver in PATH and retry</msg>
</errors>
</robot>
